STATUS | wrapper  | 2019/06/24 15:43:48 | --> Wrapper Started as Console
STATUS | wrapper  | 2019/06/24 15:43:48 | Launching a JVM...
INFO   | jvm 1    | 2019/06/24 15:43:52 | Wrapper (Version 3.2.3) http://wrapper.tanukisoftware.org
INFO   | jvm 1    | 2019/06/24 15:43:52 |   Copyright 1999-2006 Tanuki Software, Inc.  All Rights Reserved.
INFO   | jvm 1    | 2019/06/24 15:43:52 | 
INFO   | jvm 1    | 2019/06/24 15:43:52 | Java Runtime: Oracle Corporation 1.8.0_211 C:\Program Files\Java\jre1.8.0_211
INFO   | jvm 1    | 2019/06/24 15:43:52 |   Heap sizes: current=121856k  free=111687k  max=932352k
INFO   | jvm 1    | 2019/06/24 15:43:52 |     JVM args: -Dactivemq.home=../.. -Dactivemq.base=../.. -Djavax.net.ssl.keyStorePassword=password -Djavax.net.ssl.trustStorePassword=password -Djavax.net.ssl.keyStore=../../conf/broker.ks -Djavax.net.ssl.trustStore=../../conf/broker.ts -Dcom.sun.management.jmxremote -Dorg.apache.activemq.UseDedicatedTaskRunner=true -Djava.util.logging.config.file=logging.properties -Dactivemq.conf=../../conf -Dactivemq.data=../../data -Djava.security.auth.login.config=../../conf/login.config -Xmx1024m -Djava.library.path=../../bin/win64 -Dwrapper.key=pwjtbIZjnfrG2EkI -Dwrapper.port=32000 -Dwrapper.jvm.port.min=31000 -Dwrapper.jvm.port.max=31999 -Dwrapper.pid=16496 -Dwrapper.version=3.2.3 -Dwrapper.native_library=wrapper -Dwrapper.cpu.timeout=10 -Dwrapper.jvmid=1
INFO   | jvm 1    | 2019/06/24 15:43:52 | Extensions classpath:
INFO   | jvm 1    | 2019/06/24 15:43:52 |   [..\..\lib,..\..\lib\camel,..\..\lib\optional,..\..\lib\web,..\..\lib\extra]
INFO   | jvm 1    | 2019/06/24 15:43:52 | ACTIVEMQ_HOME: ..\..
INFO   | jvm 1    | 2019/06/24 15:43:52 | ACTIVEMQ_BASE: ..\..
INFO   | jvm 1    | 2019/06/24 15:43:52 | ACTIVEMQ_CONF: ..\..\conf
INFO   | jvm 1    | 2019/06/24 15:43:52 | ACTIVEMQ_DATA: ..\..\data
INFO   | jvm 1    | 2019/06/24 15:43:53 | Loading message broker from: xbean:activemq.xml
INFO   | jvm 1    | 2019/06/24 15:43:53 |  INFO | Refreshing org.apache.activemq.xbean.XBeanBrokerFactory$1@4b9c3ca2: startup date [Mon Jun 24 15:43:53 CST 2019]; root of context hierarchy
INFO   | jvm 1    | 2019/06/24 15:43:55 |  INFO | Using Persistence Adapter: KahaDBPersistenceAdapter[G:\huaxia\apache-activemq-5.15.9-bin\apache-activemq-5.15.9\bin\win64\..\..\data\kahadb]
INFO   | jvm 1    | 2019/06/24 15:43:56 |  INFO | PListStore:[G:\huaxia\apache-activemq-5.15.9-bin\apache-activemq-5.15.9\bin\win64\..\..\data\localhost\tmp_storage] started
INFO   | jvm 1    | 2019/06/24 15:43:57 |  INFO | Apache ActiveMQ 5.15.9 (localhost, ID:DESKTOP-SHEF6PS-65518-1561362236802-0:1) is starting
INFO   | jvm 1    | 2019/06/24 15:43:57 |  INFO | Listening for connections at: tcp://DESKTOP-SHEF6PS:61616?maximumConnections=1000&wireFormat.maxFrameSize=104857600
INFO   | jvm 1    | 2019/06/24 15:43:57 |  INFO | Connector openwire started
INFO   | jvm 1    | 2019/06/24 15:43:57 | ERROR | Failed to start Apache ActiveMQ (localhost, ID:DESKTOP-SHEF6PS-65518-1561362236802-0:1)
INFO   | jvm 1    | 2019/06/24 15:43:57 | java.io.IOException: Transport Connector could not be registered in JMX: java.io.IOException: Failed to bind to server socket: amqp://0.0.0.0:5672?maximumConnections=1000&wireFormat.maxFrameSize=104857600 due to: java.net.BindException: Address already in use: JVM_Bind
INFO   | jvm 1    | 2019/06/24 15:43:57 | 	at org.apache.activemq.util.IOExceptionSupport.create(IOExceptionSupport.java:28)[activemq-client-5.15.9.jar:5.15.9]
INFO   | jvm 1    | 2019/06/24 15:43:57 | 	at org.apache.activemq.broker.BrokerService.registerConnectorMBean(BrokerService.java:2264)[activemq-broker-5.15.9.jar:5.15.9]
INFO   | jvm 1    | 2019/06/24 15:43:57 | 	at org.apache.activemq.broker.BrokerService.startTransportConnector(BrokerService.java:2744)[activemq-broker-5.15.9.jar:5.15.9]
INFO   | jvm 1    | 2019/06/24 15:43:57 | 	at org.apache.activemq.broker.BrokerService.startAllConnectors(BrokerService.java:2640)[activemq-broker-5.15.9.jar:5.15.9]
INFO   | jvm 1    | 2019/06/24 15:43:57 | 	at org.apache.activemq.broker.BrokerService.doStartBroker(BrokerService.java:771)[activemq-broker-5.15.9.jar:5.15.9]
INFO   | jvm 1    | 2019/06/24 15:43:57 | 	at org.apache.activemq.broker.BrokerService.startBroker(BrokerService.java:733)[activemq-broker-5.15.9.jar:5.15.9]
INFO   | jvm 1    | 2019/06/24 15:43:57 | 	at org.apache.activemq.broker.BrokerService.start(BrokerService.java:636)[activemq-broker-5.15.9.jar:5.15.9]
INFO   | jvm 1    | 2019/06/24 15:43:57 | 	at org.apache.activemq.xbean.XBeanBrokerService.afterPropertiesSet(XBeanBrokerService.java:73)[activemq-spring-5.15.9.jar:5.15.9]
INFO   | jvm 1    | 2019/06/24 15:43:57 | 	at sun.reflect.NativeMethodAccessorImpl.invoke0(Native Method)[:1.8.0_211]
INFO   | jvm 1    | 2019/06/24 15:43:57 | 	at sun.reflect.NativeMethodAccessorImpl.invoke(Unknown Source)[:1.8.0_211]
INFO   | jvm 1    | 2019/06/24 15:43:57 | 	at sun.reflect.DelegatingMethodAccessorImpl.invoke(Unknown Source)[:1.8.0_211]
INFO   | jvm 1    | 2019/06/24 15:43:57 | 	at java.lang.reflect.Method.invoke(Unknown Source)[:1.8.0_211]
INFO   | jvm 1    | 2019/06/24 15:43:57 | 	at org.springframework.beans.factory.support.AbstractAutowireCapableBeanFactory.invokeCustomInitMethod(AbstractAutowireCapableBeanFactory.java:1763)[spring-beans-4.3.18.RELEASE.jar:4.3.18.RELEASE]
INFO   | jvm 1    | 2019/06/24 15:43:57 | 	at org.springframework.beans.factory.support.AbstractAutowireCapableBeanFactory.invokeInitMethods(AbstractAutowireCapableBeanFactory.java:1700)[spring-beans-4.3.18.RELEASE.jar:4.3.18.RELEASE]
INFO   | jvm 1    | 2019/06/24 15:43:57 | 	at org.springframework.beans.factory.support.AbstractAutowireCapableBeanFactory.initializeBean(AbstractAutowireCapableBeanFactory.java:1630)[spring-beans-4.3.18.RELEASE.jar:4.3.18.RELEASE]
INFO   | jvm 1    | 2019/06/24 15:43:57 | 	at org.springframework.beans.factory.support.AbstractAutowireCapableBeanFactory.doCreateBean(AbstractAutowireCapableBeanFactory.java:555)[spring-beans-4.3.18.RELEASE.jar:4.3.18.RELEASE]
INFO   | jvm 1    | 2019/06/24 15:43:57 | 	at org.springframework.beans.factory.support.AbstractAutowireCapableBeanFactory.createBean(AbstractAutowireCapableBeanFactory.java:483)[spring-beans-4.3.18.RELEASE.jar:4.3.18.RELEASE]
INFO   | jvm 1    | 2019/06/24 15:43:57 | 	at org.springframework.beans.factory.support.AbstractBeanFactory$1.getObject(AbstractBeanFactory.java:312)[spring-beans-4.3.18.RELEASE.jar:4.3.18.RELEASE]
INFO   | jvm 1    | 2019/06/24 15:43:57 | 	at org.springframework.beans.factory.support.DefaultSingletonBeanRegistry.getSingleton(DefaultSingletonBeanRegistry.java:230)[spring-beans-4.3.18.RELEASE.jar:4.3.18.RELEASE]
INFO   | jvm 1    | 2019/06/24 15:43:57 | 	at org.springframework.beans.factory.support.AbstractBeanFactory.doGetBean(AbstractBeanFactory.java:308)[spring-beans-4.3.18.RELEASE.jar:4.3.18.RELEASE]
INFO   | jvm 1    | 2019/06/24 15:43:57 | 	at org.springframework.beans.factory.support.AbstractBeanFactory.getBean(AbstractBeanFactory.java:197)[spring-beans-4.3.18.RELEASE.jar:4.3.18.RELEASE]
INFO   | jvm 1    | 2019/06/24 15:43:57 | 	at org.springframework.beans.factory.support.DefaultListableBeanFactory.preInstantiateSingletons(DefaultListableBeanFactory.java:761)[spring-beans-4.3.18.RELEASE.jar:4.3.18.RELEASE]
INFO   | jvm 1    | 2019/06/24 15:43:57 | 	at org.springframework.context.support.AbstractApplicationContext.finishBeanFactoryInitialization(AbstractApplicationContext.java:867)[spring-context-4.3.18.RELEASE.jar:4.3.18.RELEASE]
INFO   | jvm 1    | 2019/06/24 15:43:57 | 	at org.springframework.context.support.AbstractApplicationContext.refresh(AbstractApplicationContext.java:543)[spring-context-4.3.18.RELEASE.jar:4.3.18.RELEASE]
INFO   | jvm 1    | 2019/06/24 15:43:57 | 	at org.apache.xbean.spring.context.ResourceXmlApplicationContext.<init>(ResourceXmlApplicationContext.java:64)[xbean-spring-4.2.jar:4.2]
INFO   | jvm 1    | 2019/06/24 15:43:57 | 	at org.apache.xbean.spring.context.ResourceXmlApplicationContext.<init>(ResourceXmlApplicationContext.java:52)[xbean-spring-4.2.jar:4.2]
INFO   | jvm 1    | 2019/06/24 15:43:57 | 	at org.apache.activemq.xbean.XBeanBrokerFactory$1.<init>(XBeanBrokerFactory.java:104)[activemq-spring-5.15.9.jar:5.15.9]
INFO   | jvm 1    | 2019/06/24 15:43:57 | 	at org.apache.activemq.xbean.XBeanBrokerFactory.createApplicationContext(XBeanBrokerFactory.java:104)[activemq-spring-5.15.9.jar:5.15.9]
INFO   | jvm 1    | 2019/06/24 15:43:57 | 	at org.apache.activemq.xbean.XBeanBrokerFactory.createBroker(XBeanBrokerFactory.java:67)[activemq-spring-5.15.9.jar:5.15.9]
INFO   | jvm 1    | 2019/06/24 15:43:57 | 	at org.apache.activemq.broker.BrokerFactory.createBroker(BrokerFactory.java:71)[activemq-broker-5.15.9.jar:5.15.9]
INFO   | jvm 1    | 2019/06/24 15:43:57 | 	at org.apache.activemq.broker.BrokerFactory.createBroker(BrokerFactory.java:54)[activemq-broker-5.15.9.jar:5.15.9]
INFO   | jvm 1    | 2019/06/24 15:43:57 | 	at org.apache.activemq.console.command.StartCommand.runTask(StartCommand.java:87)[activemq-console-5.15.9.jar:5.15.9]
INFO   | jvm 1    | 2019/06/24 15:43:57 | 	at org.apache.activemq.console.command.AbstractCommand.execute(AbstractCommand.java:63)[activemq-console-5.15.9.jar:5.15.9]
INFO   | jvm 1    | 2019/06/24 15:43:57 | 	at org.apache.activemq.console.command.ShellCommand.runTask(ShellCommand.java:154)[activemq-console-5.15.9.jar:5.15.9]
INFO   | jvm 1    | 2019/06/24 15:43:57 | 	at org.apache.activemq.console.command.AbstractCommand.execute(AbstractCommand.java:63)[activemq-console-5.15.9.jar:5.15.9]
INFO   | jvm 1    | 2019/06/24 15:43:57 | 	at org.apache.activemq.console.command.ShellCommand.main(ShellCommand.java:104)[activemq-console-5.15.9.jar:5.15.9]
INFO   | jvm 1    | 2019/06/24 15:43:57 | 	at sun.reflect.NativeMethodAccessorImpl.invoke0(Native Method)[:1.8.0_211]
INFO   | jvm 1    | 2019/06/24 15:43:57 | 	at sun.reflect.NativeMethodAccessorImpl.invoke(Unknown Source)[:1.8.0_211]
INFO   | jvm 1    | 2019/06/24 15:43:57 | 	at sun.reflect.DelegatingMethodAccessorImpl.invoke(Unknown Source)[:1.8.0_211]
INFO   | jvm 1    | 2019/06/24 15:43:57 | 	at java.lang.reflect.Method.invoke(Unknown Source)[:1.8.0_211]
INFO   | jvm 1    | 2019/06/24 15:43:57 | 	at org.apache.activemq.console.Main.runTaskClass(Main.java:262)[activemq.jar:5.15.9]
INFO   | jvm 1    | 2019/06/24 15:43:57 | 	at org.apache.activemq.console.Main.main(Main.java:115)[activemq.jar:5.15.9]
INFO   | jvm 1    | 2019/06/24 15:43:57 | 	at sun.reflect.NativeMethodAccessorImpl.invoke0(Native Method)[:1.8.0_211]
INFO   | jvm 1    | 2019/06/24 15:43:57 | 	at sun.reflect.NativeMethodAccessorImpl.invoke(Unknown Source)[:1.8.0_211]
INFO   | jvm 1    | 2019/06/24 15:43:57 | 	at sun.reflect.DelegatingMethodAccessorImpl.invoke(Unknown Source)[:1.8.0_211]
INFO   | jvm 1    | 2019/06/24 15:43:57 | 	at java.lang.reflect.Method.invoke(Unknown Source)[:1.8.0_211]
INFO   | jvm 1    | 2019/06/24 15:43:57 | 	at org.tanukisoftware.wrapper.WrapperSimpleApp.run(WrapperSimpleApp.java:240)[wrapper.jar:3.2.3]
INFO   | jvm 1    | 2019/06/24 15:43:57 | 	at java.lang.Thread.run(Unknown Source)[:1.8.0_211]
INFO   | jvm 1    | 2019/06/24 15:43:57 |  INFO | Apache ActiveMQ 5.15.9 (localhost, ID:DESKTOP-SHEF6PS-65518-1561362236802-0:1) is shutting down
INFO   | jvm 1    | 2019/06/24 15:43:57 |  INFO | Connector openwire stopped
INFO   | jvm 1    | 2019/06/24 15:43:57 |  INFO | socketQueue interrupted - stopping
INFO   | jvm 1    | 2019/06/24 15:43:57 |  INFO | Connector amqp stopped
INFO   | jvm 1    | 2019/06/24 15:43:57 |  INFO | Connector stomp stopped
INFO   | jvm 1    | 2019/06/24 15:43:57 |  INFO | Could not accept connection during shutdown  : {}
INFO   | jvm 1    | 2019/06/24 15:43:57 | java.lang.InterruptedException
INFO   | jvm 1    | 2019/06/24 15:43:57 | 	at java.util.concurrent.locks.AbstractQueuedSynchronizer$ConditionObject.reportInterruptAfterWait(Unknown Source)[:1.8.0_211]
INFO   | jvm 1    | 2019/06/24 15:43:57 | 	at java.util.concurrent.locks.AbstractQueuedSynchronizer$ConditionObject.awaitNanos(Unknown Source)[:1.8.0_211]
INFO   | jvm 1    | 2019/06/24 15:43:57 | 	at java.util.concurrent.LinkedBlockingQueue.poll(Unknown Source)[:1.8.0_211]
INFO   | jvm 1    | 2019/06/24 15:43:57 | 	at org.apache.activemq.transport.tcp.TcpTransportServer$1.run(TcpTransportServer.java:494)[activemq-client-5.15.9.jar:5.15.9]
INFO   | jvm 1    | 2019/06/24 15:43:57 | 	at java.lang.Thread.run(Unknown Source)[:1.8.0_211]
INFO   | jvm 1    | 2019/06/24 15:43:57 |  INFO | Connector mqtt stopped
INFO   | jvm 1    | 2019/06/24 15:43:57 |  INFO | Connector ws stopped
INFO   | jvm 1    | 2019/06/24 15:43:57 |  INFO | PListStore:[G:\huaxia\apache-activemq-5.15.9-bin\apache-activemq-5.15.9\bin\win64\..\..\data\localhost\tmp_storage] stopped
INFO   | jvm 1    | 2019/06/24 15:43:57 |  INFO | Stopping async queue tasks
INFO   | jvm 1    | 2019/06/24 15:43:57 |  INFO | Stopping async topic tasks
INFO   | jvm 1    | 2019/06/24 15:43:57 |  INFO | Stopped KahaDB
INFO   | jvm 1    | 2019/06/24 15:43:57 |  INFO | Apache ActiveMQ 5.15.9 (localhost, ID:DESKTOP-SHEF6PS-65518-1561362236802-0:1) uptime 1.680 seconds
INFO   | jvm 1    | 2019/06/24 15:43:57 |  INFO | Apache ActiveMQ 5.15.9 (localhost, ID:DESKTOP-SHEF6PS-65518-1561362236802-0:1) is shutdown
INFO   | jvm 1    | 2019/06/24 15:43:57 |  INFO | Closing org.apache.activemq.xbean.XBeanBrokerFactory$1@4b9c3ca2: startup date [Mon Jun 24 15:43:53 CST 2019]; root of context hierarchy
INFO   | jvm 1    | 2019/06/24 15:43:57 |  WARN | Exception encountered during context initialization - cancelling refresh attempt: org.springframework.beans.factory.BeanCreationException: Error creating bean with name 'org.apache.activemq.xbean.XBeanBrokerService#0' defined in class path resource [activemq.xml]: Invocation of init method failed; nested exception is java.io.IOException: Transport Connector could not be registered in JMX: java.io.IOException: Failed to bind to server socket: amqp://0.0.0.0:5672?maximumConnections=1000&wireFormat.maxFrameSize=104857600 due to: java.net.BindException: Address already in use: JVM_Bind
INFO   | jvm 1    | 2019/06/24 15:43:57 | ERROR: java.lang.RuntimeException: Failed to execute start task. Reason: java.lang.IllegalStateException: BeanFactory not initialized or already closed - call 'refresh' before accessing beans via the ApplicationContext
INFO   | jvm 1    | 2019/06/24 15:43:57 | java.lang.RuntimeException: Failed to execute start task. Reason: java.lang.IllegalStateException: BeanFactory not initialized or already closed - call 'refresh' before accessing beans via the ApplicationContext
INFO   | jvm 1    | 2019/06/24 15:43:57 | 	at org.apache.activemq.console.command.StartCommand.runTask(StartCommand.java:91)
INFO   | jvm 1    | 2019/06/24 15:43:57 | 	at org.apache.activemq.console.command.AbstractCommand.execute(AbstractCommand.java:63)
INFO   | jvm 1    | 2019/06/24 15:43:57 | 	at org.apache.activemq.console.command.ShellCommand.runTask(ShellCommand.java:154)
INFO   | jvm 1    | 2019/06/24 15:43:57 | 	at org.apache.activemq.console.command.AbstractCommand.execute(AbstractCommand.java:63)
INFO   | jvm 1    | 2019/06/24 15:43:57 | 	at org.apache.activemq.console.command.ShellCommand.main(ShellCommand.java:104)
INFO   | jvm 1    | 2019/06/24 15:43:57 | 	at sun.reflect.NativeMethodAccessorImpl.invoke0(Native Method)
INFO   | jvm 1    | 2019/06/24 15:43:57 | 	at sun.reflect.NativeMethodAccessorImpl.invoke(Unknown Source)
INFO   | jvm 1    | 2019/06/24 15:43:57 | 	at sun.reflect.DelegatingMethodAccessorImpl.invoke(Unknown Source)
INFO   | jvm 1    | 2019/06/24 15:43:57 | 	at java.lang.reflect.Method.invoke(Unknown Source)
INFO   | jvm 1    | 2019/06/24 15:43:57 | 	at org.apache.activemq.console.Main.runTaskClass(Main.java:262)
INFO   | jvm 1    | 2019/06/24 15:43:57 | 	at org.apache.activemq.console.Main.main(Main.java:115)
INFO   | jvm 1    | 2019/06/24 15:43:57 | 	at sun.reflect.NativeMethodAccessorImpl.invoke0(Native Method)
INFO   | jvm 1    | 2019/06/24 15:43:57 | 	at sun.reflect.NativeMethodAccessorImpl.invoke(Unknown Source)
INFO   | jvm 1    | 2019/06/24 15:43:57 | 	at sun.reflect.DelegatingMethodAccessorImpl.invoke(Unknown Source)
INFO   | jvm 1    | 2019/06/24 15:43:57 | 	at java.lang.reflect.Method.invoke(Unknown Source)
INFO   | jvm 1    | 2019/06/24 15:43:57 | 	at org.tanukisoftware.wrapper.WrapperSimpleApp.run(WrapperSimpleApp.java:240)
INFO   | jvm 1    | 2019/06/24 15:43:57 | 	at java.lang.Thread.run(Unknown Source)
INFO   | jvm 1    | 2019/06/24 15:43:57 | Caused by: java.lang.IllegalStateException: BeanFactory not initialized or already closed - call 'refresh' before accessing beans via the ApplicationContext
INFO   | jvm 1    | 2019/06/24 15:43:57 | 	at org.springframework.context.support.AbstractRefreshableApplicationContext.getBeanFactory(AbstractRefreshableApplicationContext.java:170)
INFO   | jvm 1    | 2019/06/24 15:43:57 | 	at org.springframework.context.support.AbstractApplicationContext.destroyBeans(AbstractApplicationContext.java:1032)
INFO   | jvm 1    | 2019/06/24 15:43:57 | 	at org.springframework.context.support.AbstractApplicationContext.refresh(AbstractApplicationContext.java:556)
INFO   | jvm 1    | 2019/06/24 15:43:57 | 	at org.apache.xbean.spring.context.ResourceXmlApplicationContext.<init>(ResourceXmlApplicationContext.java:64)
INFO   | jvm 1    | 2019/06/24 15:43:57 | 	at org.apache.xbean.spring.context.ResourceXmlApplicationContext.<init>(ResourceXmlApplicationContext.java:52)
INFO   | jvm 1    | 2019/06/24 15:43:57 | 	at org.apache.activemq.xbean.XBeanBrokerFactory$1.<init>(XBeanBrokerFactory.java:104)
INFO   | jvm 1    | 2019/06/24 15:43:57 | 	at org.apache.activemq.xbean.XBeanBrokerFactory.createApplicationContext(XBeanBrokerFactory.java:104)
INFO   | jvm 1    | 2019/06/24 15:43:57 | 	at org.apache.activemq.xbean.XBeanBrokerFactory.createBroker(XBeanBrokerFactory.java:67)
INFO   | jvm 1    | 2019/06/24 15:43:57 | 	at org.apache.activemq.broker.BrokerFactory.createBroker(BrokerFactory.java:71)
INFO   | jvm 1    | 2019/06/24 15:43:57 | 	at org.apache.activemq.broker.BrokerFactory.createBroker(BrokerFactory.java:54)
INFO   | jvm 1    | 2019/06/24 15:43:57 | 	at org.apache.activemq.console.command.StartCommand.runTask(StartCommand.java:87)
INFO   | jvm 1    | 2019/06/24 15:43:57 | 	... 16 more
INFO   | jvm 1    | 2019/06/24 15:43:57 | ERROR: java.lang.IllegalStateException: BeanFactory not initialized or already closed - call 'refresh' before accessing beans via the ApplicationContext
INFO   | jvm 1    | 2019/06/24 15:43:57 | java.lang.IllegalStateException: BeanFactory not initialized or already closed - call 'refresh' before accessing beans via the ApplicationContext
INFO   | jvm 1    | 2019/06/24 15:43:57 | 	at org.springframework.context.support.AbstractRefreshableApplicationContext.getBeanFactory(AbstractRefreshableApplicationContext.java:170)
INFO   | jvm 1    | 2019/06/24 15:43:57 | 	at org.springframework.context.support.AbstractApplicationContext.destroyBeans(AbstractApplicationContext.java:1032)
INFO   | jvm 1    | 2019/06/24 15:43:57 | 	at org.springframework.context.support.AbstractApplicationContext.refresh(AbstractApplicationContext.java:556)
INFO   | jvm 1    | 2019/06/24 15:43:57 | 	at org.apache.xbean.spring.context.ResourceXmlApplicationContext.<init>(ResourceXmlApplicationContext.java:64)
INFO   | jvm 1    | 2019/06/24 15:43:57 | 	at org.apache.xbean.spring.context.ResourceXmlApplicationContext.<init>(ResourceXmlApplicationContext.java:52)
INFO   | jvm 1    | 2019/06/24 15:43:57 | 	at org.apache.activemq.xbean.XBeanBrokerFactory$1.<init>(XBeanBrokerFactory.java:104)
INFO   | jvm 1    | 2019/06/24 15:43:57 | 	at org.apache.activemq.xbean.XBeanBrokerFactory.createApplicationContext(XBeanBrokerFactory.java:104)
INFO   | jvm 1    | 2019/06/24 15:43:57 | 	at org.apache.activemq.xbean.XBeanBrokerFactory.createBroker(XBeanBrokerFactory.java:67)
INFO   | jvm 1    | 2019/06/24 15:43:57 | 	at org.apache.activemq.broker.BrokerFactory.createBroker(BrokerFactory.java:71)
INFO   | jvm 1    | 2019/06/24 15:43:57 | 	at org.apache.activemq.broker.BrokerFactory.createBroker(BrokerFactory.java:54)
INFO   | jvm 1    | 2019/06/24 15:43:57 | 	at org.apache.activemq.console.command.StartCommand.runTask(StartCommand.java:87)
INFO   | jvm 1    | 2019/06/24 15:43:57 | 	at org.apache.activemq.console.command.AbstractCommand.execute(AbstractCommand.java:63)
INFO   | jvm 1    | 2019/06/24 15:43:57 | 	at org.apache.activemq.console.command.ShellCommand.runTask(ShellCommand.java:154)
INFO   | jvm 1    | 2019/06/24 15:43:57 | 	at org.apache.activemq.console.command.AbstractCommand.execute(AbstractCommand.java:63)
INFO   | jvm 1    | 2019/06/24 15:43:57 | 	at org.apache.activemq.console.command.ShellCommand.main(ShellCommand.java:104)
INFO   | jvm 1    | 2019/06/24 15:43:57 | 	at sun.reflect.NativeMethodAccessorImpl.invoke0(Native Method)
INFO   | jvm 1    | 2019/06/24 15:43:57 | 	at sun.reflect.NativeMethodAccessorImpl.invoke(Unknown Source)
INFO   | jvm 1    | 2019/06/24 15:43:57 | 	at sun.reflect.DelegatingMethodAccessorImpl.invoke(Unknown Source)
INFO   | jvm 1    | 2019/06/24 15:43:57 | 	at java.lang.reflect.Method.invoke(Unknown Source)
INFO   | jvm 1    | 2019/06/24 15:43:57 | 	at org.apache.activemq.console.Main.runTaskClass(Main.java:262)
INFO   | jvm 1    | 2019/06/24 15:43:57 | 	at org.apache.activemq.console.Main.main(Main.java:115)
INFO   | jvm 1    | 2019/06/24 15:43:57 | 	at sun.reflect.NativeMethodAccessorImpl.invoke0(Native Method)
INFO   | jvm 1    | 2019/06/24 15:43:57 | 	at sun.reflect.NativeMethodAccessorImpl.invoke(Unknown Source)
INFO   | jvm 1    | 2019/06/24 15:43:57 | 	at sun.reflect.DelegatingMethodAccessorImpl.invoke(Unknown Source)
INFO   | jvm 1    | 2019/06/24 15:43:57 | 	at java.lang.reflect.Method.invoke(Unknown Source)
INFO   | jvm 1    | 2019/06/24 15:43:57 | 	at org.tanukisoftware.wrapper.WrapperSimpleApp.run(WrapperSimpleApp.java:240)
INFO   | jvm 1    | 2019/06/24 15:43:57 | 	at java.lang.Thread.run(Unknown Source)
STATUS | wrapper  | 2019/06/24 15:43:59 | <-- Wrapper Stopped
STATUS | wrapper  | 2019/06/24 15:59:16 | --> Wrapper Started as Console
STATUS | wrapper  | 2019/06/24 15:59:16 | Launching a JVM...
INFO   | jvm 1    | 2019/06/24 15:59:17 | Wrapper (Version 3.2.3) http://wrapper.tanukisoftware.org
INFO   | jvm 1    | 2019/06/24 15:59:17 |   Copyright 1999-2006 Tanuki Software, Inc.  All Rights Reserved.
INFO   | jvm 1    | 2019/06/24 15:59:17 | 
INFO   | jvm 1    | 2019/06/24 15:59:17 | Java Runtime: Oracle Corporation 1.8.0_211 C:\Program Files\Java\jre1.8.0_211
INFO   | jvm 1    | 2019/06/24 15:59:17 |   Heap sizes: current=121856k  free=111686k  max=932352k
INFO   | jvm 1    | 2019/06/24 15:59:17 |     JVM args: -Dactivemq.home=../.. -Dactivemq.base=../.. -Djavax.net.ssl.keyStorePassword=password -Djavax.net.ssl.trustStorePassword=password -Djavax.net.ssl.keyStore=../../conf/broker.ks -Djavax.net.ssl.trustStore=../../conf/broker.ts -Dcom.sun.management.jmxremote -Dorg.apache.activemq.UseDedicatedTaskRunner=true -Djava.util.logging.config.file=logging.properties -Dactivemq.conf=../../conf -Dactivemq.data=../../data -Djava.security.auth.login.config=../../conf/login.config -Xmx1024m -Djava.library.path=../../bin/win64 -Dwrapper.key=UkaHt8dYWrUh3Yjj -Dwrapper.port=32000 -Dwrapper.jvm.port.min=31000 -Dwrapper.jvm.port.max=31999 -Dwrapper.pid=20916 -Dwrapper.version=3.2.3 -Dwrapper.native_library=wrapper -Dwrapper.cpu.timeout=10 -Dwrapper.jvmid=1
INFO   | jvm 1    | 2019/06/24 15:59:17 | Extensions classpath:
INFO   | jvm 1    | 2019/06/24 15:59:17 |   [..\..\lib,..\..\lib\camel,..\..\lib\optional,..\..\lib\web,..\..\lib\extra]
INFO   | jvm 1    | 2019/06/24 15:59:17 | ACTIVEMQ_HOME: ..\..
INFO   | jvm 1    | 2019/06/24 15:59:17 | ACTIVEMQ_BASE: ..\..
INFO   | jvm 1    | 2019/06/24 15:59:17 | ACTIVEMQ_CONF: ..\..\conf
INFO   | jvm 1    | 2019/06/24 15:59:17 | ACTIVEMQ_DATA: ..\..\data
INFO   | jvm 1    | 2019/06/24 15:59:18 | Loading message broker from: xbean:activemq.xml
INFO   | jvm 1    | 2019/06/24 15:59:18 |  INFO | Refreshing org.apache.activemq.xbean.XBeanBrokerFactory$1@5ec14294: startup date [Mon Jun 24 15:59:18 CST 2019]; root of context hierarchy
INFO   | jvm 1    | 2019/06/24 15:59:19 |  INFO | Using Persistence Adapter: KahaDBPersistenceAdapter[G:\huaxia\apache-activemq-5.15.9-bin\apache-activemq-5.15.9\bin\win64\..\..\data\kahadb]
INFO   | jvm 1    | 2019/06/24 15:59:21 |  INFO | KahaDB is version 6
INFO   | jvm 1    | 2019/06/24 15:59:21 |  INFO | PListStore:[G:\huaxia\apache-activemq-5.15.9-bin\apache-activemq-5.15.9\bin\win64\..\..\data\localhost\tmp_storage] started
INFO   | jvm 1    | 2019/06/24 15:59:21 |  INFO | Apache ActiveMQ 5.15.9 (localhost, ID:DESKTOP-SHEF6PS-50485-1561363161139-0:1) is starting
INFO   | jvm 1    | 2019/06/24 15:59:21 |  INFO | Listening for connections at: tcp://DESKTOP-SHEF6PS:61616?maximumConnections=1000&wireFormat.maxFrameSize=104857600
INFO   | jvm 1    | 2019/06/24 15:59:21 |  INFO | Connector openwire started
INFO   | jvm 1    | 2019/06/24 15:59:21 |  INFO | Listening for connections at: amqp://DESKTOP-SHEF6PS:5672?maximumConnections=1000&wireFormat.maxFrameSize=104857600
INFO   | jvm 1    | 2019/06/24 15:59:21 |  INFO | Connector amqp started
INFO   | jvm 1    | 2019/06/24 15:59:21 |  INFO | Listening for connections at: stomp://DESKTOP-SHEF6PS:61613?maximumConnections=1000&wireFormat.maxFrameSize=104857600
INFO   | jvm 1    | 2019/06/24 15:59:21 |  INFO | Connector stomp started
INFO   | jvm 1    | 2019/06/24 15:59:21 |  INFO | Listening for connections at: mqtt://DESKTOP-SHEF6PS:1883?maximumConnections=1000&wireFormat.maxFrameSize=104857600
INFO   | jvm 1    | 2019/06/24 15:59:21 |  INFO | Connector mqtt started
INFO   | jvm 1    | 2019/06/24 15:59:21 |  INFO | Starting Jetty server
INFO   | jvm 1    | 2019/06/24 15:59:21 |  INFO | Creating Jetty connector
INFO   | jvm 1    | 2019/06/24 15:59:21 |  WARN | ServletContext@o.e.j.s.ServletContextHandler@7a66848c{/,null,STARTING} has uncovered http methods for path: /
INFO   | jvm 1    | 2019/06/24 15:59:22 |  INFO | Listening for connections at ws://DESKTOP-SHEF6PS:61614?maximumConnections=1000&wireFormat.maxFrameSize=104857600
INFO   | jvm 1    | 2019/06/24 15:59:22 |  INFO | Connector ws started
INFO   | jvm 1    | 2019/06/24 15:59:22 |  INFO | Apache ActiveMQ 5.15.9 (localhost, ID:DESKTOP-SHEF6PS-50485-1561363161139-0:1) started
INFO   | jvm 1    | 2019/06/24 15:59:22 |  INFO | For help or more information please see: http://activemq.apache.org
INFO   | jvm 1    | 2019/06/24 15:59:22 |  WARN | Store limit is 102400 mb (current store usage is 0 mb). The data directory: G:\huaxia\apache-activemq-5.15.9-bin\apache-activemq-5.15.9\bin\win64\..\..\data\kahadb only has 95234 mb of usable space. - resetting to maximum available disk space: 95234 mb
INFO   | jvm 1    | 2019/06/24 15:59:24 |  INFO | No Spring WebApplicationInitializer types detected on classpath
INFO   | jvm 1    | 2019/06/24 15:59:24 |  INFO | ActiveMQ WebConsole available at http://0.0.0.0:8161/
INFO   | jvm 1    | 2019/06/24 15:59:24 |  INFO | ActiveMQ Jolokia REST API available at http://0.0.0.0:8161/api/jolokia/
INFO   | jvm 1    | 2019/06/24 15:59:24 |  INFO | Initializing Spring FrameworkServlet 'dispatcher'
INFO   | jvm 1    | 2019/06/24 15:59:25 |  INFO | No Spring WebApplicationInitializer types detected on classpath
INFO   | jvm 1    | 2019/06/24 15:59:25 |  INFO | jolokia-agent: Using policy access restrictor classpath:/jolokia-access.xml
INFO   | jvm 1    | 2019/06/24 17:10:14 |  WARN | Transport Connection to: tcp://127.0.0.1:52065 failed: java.net.SocketException: Connection reset
INFO   | jvm 1    | 2019/06/24 17:10:14 |  WARN | Transport Connection to: tcp://127.0.0.1:52034 failed: java.net.SocketException: Connection reset
INFO   | jvm 1    | 2019/06/24 17:10:14 |  WARN | Transport Connection to: tcp://127.0.0.1:52021 failed: java.net.SocketException: Connection reset
INFO   | jvm 1    | 2019/06/24 17:10:14 |  WARN | Transport Connection to: tcp://127.0.0.1:52084 failed: java.net.SocketException: Connection reset
INFO   | jvm 1    | 2019/06/24 17:11:03 |  WARN | Transport Connection to: tcp://127.0.0.1:52101 failed: java.net.SocketException: Connection reset
INFO   | jvm 1    | 2019/06/24 17:27:06 |  WARN | Transport Connection to: tcp://127.0.0.1:52121 failed: java.net.SocketException: Connection reset
INFO   | jvm 1    | 2019/06/24 17:27:06 |  WARN | Transport Connection to: tcp://127.0.0.1:52391 failed: java.net.SocketException: Connection reset
INFO   | jvm 1    | 2019/06/24 17:28:29 |  WARN | Transport Connection to: tcp://127.0.0.1:52424 failed: java.net.SocketException: Connection reset
INFO   | jvm 1    | 2019/06/24 17:28:56 |  WARN | Transport Connection to: tcp://127.0.0.1:52459 failed: java.net.SocketException: Connection reset
INFO   | jvm 1    | 2019/06/24 18:32:16 |  WARN | Transport Connection to: tcp://127.0.0.1:52476 failed: java.net.SocketException: Connection reset
INFO   | jvm 1    | 2019/06/24 18:34:41 |  WARN | Transport Connection to: tcp://127.0.0.1:53700 failed: java.net.SocketException: Connection reset
INFO   | jvm 1    | 2019/06/24 18:35:48 |  WARN | Transport Connection to: tcp://127.0.0.1:53688 failed: java.net.SocketException: Connection reset
INFO   | jvm 1    | 2019/06/24 18:35:48 |  WARN | Transport Connection to: tcp://127.0.0.1:53725 failed: java.net.SocketException: Connection reset
INFO   | jvm 1    | 2019/06/24 18:35:48 |  WARN | Transport Connection to: tcp://127.0.0.1:53513 failed: java.net.SocketException: Connection reset
INFO   | jvm 1    | 2019/06/24 18:39:22 |  WARN | Transport Connection to: tcp://127.0.0.1:53790 failed: java.net.SocketException: Connection reset
INFO   | jvm 1    | 2019/06/24 18:40:37 |  WARN | Transport Connection to: tcp://127.0.0.1:53863 failed: java.net.SocketException: Connection reset
INFO   | jvm 1    | 2019/06/24 18:43:41 |  WARN | Transport Connection to: tcp://127.0.0.1:53918 failed: java.net.SocketException: Connection reset
INFO   | jvm 1    | 2019/06/24 18:43:41 |  WARN | Transport Connection to: tcp://127.0.0.1:53782 failed: java.net.SocketException: Connection reset
INFO   | jvm 1    | 2019/06/24 18:43:41 |  WARN | Transport Connection to: tcp://127.0.0.1:53771 failed: java.net.SocketException: Connection reset
